0 info it worked if it ends with ok
1 verbose cli [ 'D:\\IrshadMSproject\\installedsw\\\\node.exe',
1 verbose cli   'D:\\IrshadMSproject\\installedsw\\node_modules\\npm\\bin\\npm-cli.js',
1 verbose cli   'publish' ]
2 info using npm@1.4.28
3 info using node@v0.10.32
4 verbose node symlink D:\IrshadMSproject\installedsw\\node.exe
5 verbose publish [ '.' ]
6 verbose cache add [ '.', null ]
7 verbose cache add name=undefined spec="." args=[".",null]
8 verbose parsed url { protocol: null,
8 verbose parsed url   slashes: null,
8 verbose parsed url   auth: null,
8 verbose parsed url   host: null,
8 verbose parsed url   port: null,
8 verbose parsed url   hostname: null,
8 verbose parsed url   hash: null,
8 verbose parsed url   search: null,
8 verbose parsed url   query: null,
8 verbose parsed url   pathname: '.',
8 verbose parsed url   path: '.',
8 verbose parsed url   href: '.' }
9 silly lockFile 3a52ce78- .
10 verbose lock . C:\Users\Rahul\AppData\Roaming\npm-cache\3a52ce78-.lock
11 verbose tar pack [ 'C:\\Users\\Rahul\\AppData\\Roaming\\npm-cache\\irshadUppercase\\0.1.1\\package.tgz',
11 verbose tar pack   '.' ]
12 verbose tarball C:\Users\Rahul\AppData\Roaming\npm-cache\irshadUppercase\0.1.1\package.tgz
13 verbose folder .
14 info prepublish irshadUppercase@0.1.1
15 silly lockFile 1f1177db-tar tar://.
16 verbose lock tar://. C:\Users\Rahul\AppData\Roaming\npm-cache\1f1177db-tar.lock
17 silly lockFile 830ed48d-rshadUppercase-0-1-1-package-tgz tar://C:\Users\Rahul\AppData\Roaming\npm-cache\irshadUppercase\0.1.1\package.tgz
18 verbose lock tar://C:\Users\Rahul\AppData\Roaming\npm-cache\irshadUppercase\0.1.1\package.tgz C:\Users\Rahul\AppData\Roaming\npm-cache\830ed48d-rshadUppercase-0-1-1-package-tgz.lock
19 silly lockFile 1f1177db-tar tar://.
20 silly lockFile 1f1177db-tar tar://.
21 silly lockFile 830ed48d-rshadUppercase-0-1-1-package-tgz tar://C:\Users\Rahul\AppData\Roaming\npm-cache\irshadUppercase\0.1.1\package.tgz
22 silly lockFile 830ed48d-rshadUppercase-0-1-1-package-tgz tar://C:\Users\Rahul\AppData\Roaming\npm-cache\irshadUppercase\0.1.1\package.tgz
23 silly lockFile 527702f1-he-irshadUppercase-0-1-1-package C:\Users\Rahul\AppData\Roaming\npm-cache\irshadUppercase\0.1.1\package
24 verbose lock C:\Users\Rahul\AppData\Roaming\npm-cache\irshadUppercase\0.1.1\package C:\Users\Rahul\AppData\Roaming\npm-cache\527702f1-he-irshadUppercase-0-1-1-package.lock
25 silly lockFile 527702f1-he-irshadUppercase-0-1-1-package C:\Users\Rahul\AppData\Roaming\npm-cache\irshadUppercase\0.1.1\package
26 silly lockFile 527702f1-he-irshadUppercase-0-1-1-package C:\Users\Rahul\AppData\Roaming\npm-cache\irshadUppercase\0.1.1\package
27 silly lockFile 3a52ce78- .
28 silly lockFile 3a52ce78- .
29 silly publish { author: { name: 'Irshad illias' },
29 silly publish   name: 'irshadUppercase',
29 silly publish   description: 'Converts files to uppercase',
29 silly publish   version: '0.1.1',
29 silly publish   repository: { url: '' },
29 silly publish   main: './lib/uppercaseme',
29 silly publish   keywords: [ 'upper', 'case', 'file' ],
29 silly publish   bin: { uppercaseme: './bin/uppercaseme' },
29 silly publish   dependencies: {},
29 silly publish   engines: { node: '*' },
29 silly publish   readme: 'upper-case-me\r\n-------------\r\n\r\nThis is a cool program to upper-case files',
29 silly publish   readmeFilename: 'README.md',
29 silly publish   _id: 'irshadUppercase@0.1.1',
29 silly publish   scripts: {},
29 silly publish   _shasum: '9fc395055bebb053891ed34b80a81f56de358e4f',
29 silly publish   _from: '.' }
30 verbose request where is /irshadUppercase
31 verbose request registry https://registry.npmjs.org/
32 verbose request id 734a680664f03018
33 verbose url raw /irshadUppercase
34 verbose url resolving [ 'https://registry.npmjs.org/', './irshadUppercase' ]
35 verbose url resolved https://registry.npmjs.org/irshadUppercase
36 verbose request where is https://registry.npmjs.org/irshadUppercase
37 info trying registry request attempt 1 at 11:54:20
38 http PUT https://registry.npmjs.org/irshadUppercase
39 http 403 https://registry.npmjs.org/irshadUppercase
40 verbose headers { date: 'Thu, 02 Oct 2014 06:23:50 GMT',
40 verbose headers   server: 'CouchDB/1.5.0 (Erlang OTP/R16B03)',
40 verbose headers   'content-type': 'application/json',
40 verbose headers   'cache-control': 'max-age=60',
40 verbose headers   'content-length': '76',
40 verbose headers   'accept-ranges': 'bytes',
40 verbose headers   via: '1.1 varnish',
40 verbose headers   'x-served-by': 'cache-syd1620-SYD',
40 verbose headers   'x-cache': 'MISS',
40 verbose headers   'x-cache-hits': '0',
40 verbose headers   'x-timer': 'S1412231029.976434,VS0,VE190',
40 verbose headers   'keep-alive': 'timeout=10, max=50',
40 verbose headers   connection: 'Keep-Alive' }
41 error publish Failed PUT 403
42 error Error: forbidden New packages must have all-lowercase names: irshadUppercase
42 error     at RegClient.<anonymous> (D:\IrshadMSproject\installedsw\node_modules\npm\node_modules\npm-registry-client\lib\request.js:308:14)
42 error     at Request._callback (D:\IrshadMSproject\installedsw\node_modules\npm\node_modules\npm-registry-client\lib\request.js:246:65)
42 error     at Request.self.callback (D:\IrshadMSproject\installedsw\node_modules\npm\node_modules\request\request.js:236:22)
42 error     at Request.emit (events.js:98:17)
42 error     at Request.<anonymous> (D:\IrshadMSproject\installedsw\node_modules\npm\node_modules\request\request.js:1142:14)
42 error     at Request.emit (events.js:117:20)
42 error     at IncomingMessage.<anonymous> (D:\IrshadMSproject\installedsw\node_modules\npm\node_modules\request\request.js:1096:12)
42 error     at IncomingMessage.emit (events.js:117:20)
42 error     at _stream_readable.js:943:16
42 error     at process._tickCallback (node.js:419:13)
43 error If you need help, you may report this *entire* log,
43 error including the npm and node versions, at:
43 error     <http://github.com/npm/npm/issues>
44 error System Windows_NT 6.1.7601
45 error command "D:\\IrshadMSproject\\installedsw\\\\node.exe" "D:\\IrshadMSproject\\installedsw\\node_modules\\npm\\bin\\npm-cli.js" "publish"
46 error cwd D:\IrshadMSproject\nodejs\soursecode\eclipseworkspace\npmsample\src
47 error node -v v0.10.32
48 error npm -v 1.4.28
49 verbose exit [ 1, true ]
